{"F:\\DZ-NODE-JS\\nodejs-homework-rest-api\\nodejs-homework-rest-api\\app.js": {"path":"F:\\DZ-NODE-JS\\nodejs-homework-rest-api\\nodejs-homework-rest-api\\app.js","statementMap":{"0":{"start":{"line":1,"column":16},"end":{"line":1,"column":34}},"1":{"start":{"line":2,"column":15},"end":{"line":2,"column":32}},"2":{"start":{"line":3,"column":13},"end":{"line":3,"column":28}},"3":{"start":{"line":4,"column":15},"end":{"line":4,"column":32}},"4":{"start":{"line":5,"column":18},"end":{"line":5,"column":47}},"5":{"start":{"line":6,"column":19},"end":{"line":6,"column":51}},"6":{"start":{"line":7,"column":13},"end":{"line":7,"column":28}},"7":{"start":{"line":8,"column":23},"end":{"line":8,"column":53}},"8":{"start":{"line":9,"column":0},"end":{"line":9,"column":27}},"9":{"start":{"line":10,"column":24},"end":{"line":10,"column":51}},"10":{"start":{"line":13,"column":12},"end":{"line":13,"column":21}},"11":{"start":{"line":15,"column":22},"end":{"line":15,"column":72}},"12":{"start":{"line":17,"column":0},"end":{"line":17,"column":18}},"13":{"start":{"line":18,"column":0},"end":{"line":18,"column":63}},"14":{"start":{"line":19,"column":0},"end":{"line":19,"column":60}},"15":{"start":{"line":20,"column":0},"end":{"line":20,"column":31}},"16":{"start":{"line":21,"column":0},"end":{"line":21,"column":16}},"17":{"start":{"line":22,"column":0},"end":{"line":22,"column":40}},"18":{"start":{"line":23,"column":0},"end":{"line":23,"column":22}},"19":{"start":{"line":25,"column":0},"end":{"line":29,"column":3}},"20":{"start":{"line":26,"column":2},"end":{"line":26,"column":38}},"21":{"start":{"line":27,"column":2},"end":{"line":27,"column":9}},"22":{"start":{"line":28,"column":2},"end":{"line":28,"column":36}},"23":{"start":{"line":31,"column":0},"end":{"line":31,"column":40}},"24":{"start":{"line":33,"column":0},"end":{"line":33,"column":42}},"25":{"start":{"line":36,"column":0},"end":{"line":38,"column":3}},"26":{"start":{"line":37,"column":2},"end":{"line":37,"column":77}},"27":{"start":{"line":40,"column":0},"end":{"line":47,"column":3}},"28":{"start":{"line":41,"column":17},"end":{"line":41,"column":34}},"29":{"start":{"line":42,"column":2},"end":{"line":46,"column":5}},"30":{"start":{"line":49,"column":0},"end":{"line":51,"column":3}},"31":{"start":{"line":50,"column":2},"end":{"line":50,"column":69}},"32":{"start":{"line":53,"column":0},"end":{"line":53,"column":21}}},"fnMap":{"0":{"name":"(anonymous_0)","decl":{"start":{"line":25,"column":8},"end":{"line":25,"column":9}},"loc":{"start":{"line":25,"column":28},"end":{"line":29,"column":1}},"line":25},"1":{"name":"(anonymous_1)","decl":{"start":{"line":36,"column":8},"end":{"line":36,"column":9}},"loc":{"start":{"line":36,"column":22},"end":{"line":38,"column":1}},"line":36},"2":{"name":"(anonymous_2)","decl":{"start":{"line":40,"column":8},"end":{"line":40,"column":9}},"loc":{"start":{"line":40,"column":33},"end":{"line":47,"column":1}},"line":40},"3":{"name":"(anonymous_3)","decl":{"start":{"line":49,"column":33},"end":{"line":49,"column":34}},"loc":{"start":{"line":49,"column":54},"end":{"line":51,"column":1}},"line":49}},"branchMap":{"0":{"loc":{"start":{"line":15,"column":22},"end":{"line":15,"column":72}},"type":"cond-expr","locations":[{"start":{"line":15,"column":57},"end":{"line":15,"column":62}},{"start":{"line":15,"column":65},"end":{"line":15,"column":72}}],"line":15},"1":{"loc":{"start":{"line":19,"column":0},"end":{"line":19,"column":59}},"type":"binary-expr","locations":[{"start":{"line":19,"column":0},"end":{"line":19,"column":25}},{"start":{"line":19,"column":29},"end":{"line":19,"column":59}}],"line":19},"2":{"loc":{"start":{"line":41,"column":17},"end":{"line":41,"column":34}},"type":"binary-expr","locations":[{"start":{"line":41,"column":17},"end":{"line":41,"column":27}},{"start":{"line":41,"column":31},"end":{"line":41,"column":34}}],"line":41},"3":{"loc":{"start":{"line":43,"column":12},"end":{"line":43,"column":45}},"type":"cond-expr","locations":[{"start":{"line":43,"column":29},"end":{"line":43,"column":35}},{"start":{"line":43,"column":38},"end":{"line":43,"column":45}}],"line":43}},"s":{"0":1,"1":1,"2":1,"3":1,"4":1,"5":1,"6":1,"7":1,"8":1,"9":1,"10":1,"11":1,"12":1,"13":1,"14":1,"15":1,"16":1,"17":1,"18":1,"19":1,"20":4,"21":4,"22":4,"23":1,"24":1,"25":1,"26":0,"27":1,"28":0,"29":0,"30":1,"31":0,"32":1},"f":{"0":4,"1":0,"2":0,"3":0},"b":{"0":[0,1],"1":[1,0],"2":[0,0],"3":[0,0]},"_coverageSchema":"1a1c01bbd47fc00a2c39e90264f33305004495a9","hash":"89175a8d7e309926e27c61038bff7771b9aa2816"}
,"F:\\DZ-NODE-JS\\nodejs-homework-rest-api\\nodejs-homework-rest-api\\config\\passport.js": {"path":"F:\\DZ-NODE-JS\\nodejs-homework-rest-api\\nodejs-homework-rest-api\\config\\passport.js","statementMap":{"0":{"start":{"line":1,"column":17},"end":{"line":1,"column":36}},"1":{"start":{"line":2,"column":46},"end":{"line":2,"column":69}},"2":{"start":{"line":3,"column":0},"end":{"line":3,"column":27}},"3":{"start":{"line":4,"column":19},"end":{"line":4,"column":41}},"4":{"start":{"line":5,"column":14},"end":{"line":5,"column":46}},"5":{"start":{"line":7,"column":13},"end":{"line":7,"column":15}},"6":{"start":{"line":8,"column":0},"end":{"line":8,"column":63}},"7":{"start":{"line":9,"column":0},"end":{"line":9,"column":30}},"8":{"start":{"line":11,"column":0},"end":{"line":26,"column":2}},"9":{"start":{"line":13,"column":4},"end":{"line":24,"column":5}},"10":{"start":{"line":14,"column":19},"end":{"line":14,"column":51}},"11":{"start":{"line":15,"column":6},"end":{"line":17,"column":7}},"12":{"start":{"line":16,"column":8},"end":{"line":16,"column":49}},"13":{"start":{"line":18,"column":6},"end":{"line":20,"column":7}},"14":{"start":{"line":19,"column":8},"end":{"line":19,"column":33}},"15":{"start":{"line":21,"column":6},"end":{"line":21,"column":30}},"16":{"start":{"line":23,"column":6},"end":{"line":23,"column":23}}},"fnMap":{"0":{"name":"(anonymous_0)","decl":{"start":{"line":12,"column":24},"end":{"line":12,"column":25}},"loc":{"start":{"line":12,"column":49},"end":{"line":25,"column":3}},"line":12}},"branchMap":{"0":{"loc":{"start":{"line":15,"column":6},"end":{"line":17,"column":7}},"type":"if","locations":[{"start":{"line":15,"column":6},"end":{"line":17,"column":7}},{"start":{"line":15,"column":6},"end":{"line":17,"column":7}}],"line":15},"1":{"loc":{"start":{"line":18,"column":6},"end":{"line":20,"column":7}},"type":"if","locations":[{"start":{"line":18,"column":6},"end":{"line":20,"column":7}},{"start":{"line":18,"column":6},"end":{"line":20,"column":7}}],"line":18}},"s":{"0":2,"1":2,"2":2,"3":2,"4":2,"5":2,"6":2,"7":2,"8":2,"9":4,"10":4,"11":4,"12":0,"13":4,"14":0,"15":4,"16":0},"f":{"0":4},"b":{"0":[0,4],"1":[0,4]},"_coverageSchema":"1a1c01bbd47fc00a2c39e90264f33305004495a9","hash":"535aa93fda99fd7b9b8e0d44ec681b3e4591595f"}
,"F:\\DZ-NODE-JS\\nodejs-homework-rest-api\\nodejs-homework-rest-api\\controllers\\contacts.js": {"path":"F:\\DZ-NODE-JS\\nodejs-homework-rest-api\\nodejs-homework-rest-api\\controllers\\contacts.js","statementMap":{"0":{"start":{"line":1,"column":17},"end":{"line":1,"column":52}},"1":{"start":{"line":3,"column":15},"end":{"line":18,"column":1}},"2":{"start":{"line":4,"column":2},"end":{"line":17,"column":3}},"3":{"start":{"line":5,"column":19},"end":{"line":5,"column":30}},"4":{"start":{"line":6,"column":40},"end":{"line":9,"column":5}},"5":{"start":{"line":10,"column":4},"end":{"line":14,"column":7}},"6":{"start":{"line":16,"column":4},"end":{"line":16,"column":12}},"7":{"start":{"line":20,"column":16},"end":{"line":34,"column":1}},"8":{"start":{"line":21,"column":2},"end":{"line":33,"column":3}},"9":{"start":{"line":22,"column":19},"end":{"line":22,"column":30}},"10":{"start":{"line":23,"column":20},"end":{"line":23,"column":79}},"11":{"start":{"line":24,"column":4},"end":{"line":27,"column":5}},"12":{"start":{"line":25,"column":6},"end":{"line":25,"column":27}},"13":{"start":{"line":26,"column":6},"end":{"line":26,"column":75}},"14":{"start":{"line":28,"column":4},"end":{"line":30,"column":66}},"15":{"start":{"line":32,"column":4},"end":{"line":32,"column":12}},"16":{"start":{"line":36,"column":15},"end":{"line":49,"column":1}},"17":{"start":{"line":37,"column":2},"end":{"line":48,"column":3}},"18":{"start":{"line":38,"column":19},"end":{"line":38,"column":30}},"19":{"start":{"line":39,"column":20},"end":{"line":39,"column":63}},"20":{"start":{"line":40,"column":4},"end":{"line":42,"column":65}},"21":{"start":{"line":44,"column":4},"end":{"line":46,"column":5}},"22":{"start":{"line":45,"column":6},"end":{"line":45,"column":21}},"23":{"start":{"line":47,"column":4},"end":{"line":47,"column":12}},"24":{"start":{"line":51,"column":15},"end":{"line":62,"column":1}},"25":{"start":{"line":52,"column":2},"end":{"line":61,"column":3}},"26":{"start":{"line":53,"column":19},"end":{"line":53,"column":30}},"27":{"start":{"line":54,"column":20},"end":{"line":54,"column":78}},"28":{"start":{"line":55,"column":4},"end":{"line":57,"column":5}},"29":{"start":{"line":56,"column":6},"end":{"line":56,"column":75}},"30":{"start":{"line":58,"column":4},"end":{"line":58,"column":74}},"31":{"start":{"line":60,"column":4},"end":{"line":60,"column":12}},"32":{"start":{"line":64,"column":15},"end":{"line":79,"column":1}},"33":{"start":{"line":65,"column":2},"end":{"line":78,"column":3}},"34":{"start":{"line":66,"column":19},"end":{"line":66,"column":30}},"35":{"start":{"line":67,"column":20},"end":{"line":71,"column":5}},"36":{"start":{"line":72,"column":4},"end":{"line":74,"column":5}},"37":{"start":{"line":73,"column":6},"end":{"line":73,"column":80}},"38":{"start":{"line":75,"column":4},"end":{"line":75,"column":74}},"39":{"start":{"line":77,"column":4},"end":{"line":77,"column":12}},"40":{"start":{"line":81,"column":0},"end":{"line":87,"column":2}}},"fnMap":{"0":{"name":"(anonymous_0)","decl":{"start":{"line":3,"column":15},"end":{"line":3,"column":16}},"loc":{"start":{"line":3,"column":41},"end":{"line":18,"column":1}},"line":3},"1":{"name":"(anonymous_1)","decl":{"start":{"line":20,"column":16},"end":{"line":20,"column":17}},"loc":{"start":{"line":20,"column":42},"end":{"line":34,"column":1}},"line":20},"2":{"name":"(anonymous_2)","decl":{"start":{"line":36,"column":15},"end":{"line":36,"column":16}},"loc":{"start":{"line":36,"column":41},"end":{"line":49,"column":1}},"line":36},"3":{"name":"(anonymous_3)","decl":{"start":{"line":51,"column":15},"end":{"line":51,"column":16}},"loc":{"start":{"line":51,"column":41},"end":{"line":62,"column":1}},"line":51},"4":{"name":"(anonymous_4)","decl":{"start":{"line":64,"column":15},"end":{"line":64,"column":16}},"loc":{"start":{"line":64,"column":41},"end":{"line":79,"column":1}},"line":64}},"branchMap":{"0":{"loc":{"start":{"line":24,"column":4},"end":{"line":27,"column":5}},"type":"if","locations":[{"start":{"line":24,"column":4},"end":{"line":27,"column":5}},{"start":{"line":24,"column":4},"end":{"line":27,"column":5}}],"line":24},"1":{"loc":{"start":{"line":44,"column":4},"end":{"line":46,"column":5}},"type":"if","locations":[{"start":{"line":44,"column":4},"end":{"line":46,"column":5}},{"start":{"line":44,"column":4},"end":{"line":46,"column":5}}],"line":44},"2":{"loc":{"start":{"line":55,"column":4},"end":{"line":57,"column":5}},"type":"if","locations":[{"start":{"line":55,"column":4},"end":{"line":57,"column":5}},{"start":{"line":55,"column":4},"end":{"line":57,"column":5}}],"line":55},"3":{"loc":{"start":{"line":72,"column":4},"end":{"line":74,"column":5}},"type":"if","locations":[{"start":{"line":72,"column":4},"end":{"line":74,"column":5}},{"start":{"line":72,"column":4},"end":{"line":74,"column":5}}],"line":72}},"s":{"0":2,"1":2,"2":1,"3":1,"4":1,"5":1,"6":0,"7":2,"8":2,"9":2,"10":2,"11":2,"12":0,"13":0,"14":2,"15":0,"16":2,"17":1,"18":1,"19":1,"20":1,"21":0,"22":0,"23":0,"24":2,"25":0,"26":0,"27":0,"28":0,"29":0,"30":0,"31":0,"32":2,"33":3,"34":3,"35":3,"36":2,"37":1,"38":2,"39":1,"40":2},"f":{"0":1,"1":2,"2":1,"3":0,"4":3},"b":{"0":[0,2],"1":[0,0],"2":[0,0],"3":[1,1]},"_coverageSchema":"1a1c01bbd47fc00a2c39e90264f33305004495a9","hash":"54df7bc80affb288263af7981220c93555d9698b"}
,"F:\\DZ-NODE-JS\\nodejs-homework-rest-api\\nodejs-homework-rest-api\\controllers\\users.js": {"path":"F:\\DZ-NODE-JS\\nodejs-homework-rest-api\\nodejs-homework-rest-api\\controllers\\users.js","statementMap":{"0":{"start":{"line":1,"column":14},"end":{"line":1,"column":46}},"1":{"start":{"line":2,"column":21},"end":{"line":2,"column":52}},"2":{"start":{"line":3,"column":12},"end":{"line":3,"column":35}},"3":{"start":{"line":4,"column":11},"end":{"line":4,"column":33}},"4":{"start":{"line":5,"column":13},"end":{"line":5,"column":28}},"5":{"start":{"line":7,"column":0},"end":{"line":7,"column":27}},"6":{"start":{"line":9,"column":28},"end":{"line":9,"column":63}},"7":{"start":{"line":12,"column":19},"end":{"line":12,"column":41}},"8":{"start":{"line":14,"column":17},"end":{"line":36,"column":1}},"9":{"start":{"line":15,"column":2},"end":{"line":35,"column":3}},"10":{"start":{"line":16,"column":17},"end":{"line":16,"column":56}},"11":{"start":{"line":18,"column":4},"end":{"line":24,"column":5}},"12":{"start":{"line":19,"column":6},"end":{"line":23,"column":9}},"13":{"start":{"line":26,"column":48},"end":{"line":26,"column":76}},"14":{"start":{"line":28,"column":4},"end":{"line":32,"column":7}},"15":{"start":{"line":34,"column":4},"end":{"line":34,"column":12}},"16":{"start":{"line":38,"column":14},"end":{"line":57,"column":1}},"17":{"start":{"line":39,"column":2},"end":{"line":56,"column":3}},"18":{"start":{"line":40,"column":17},"end":{"line":40,"column":56}},"19":{"start":{"line":41,"column":28},"end":{"line":41,"column":74}},"20":{"start":{"line":42,"column":4},"end":{"line":48,"column":5}},"21":{"start":{"line":43,"column":6},"end":{"line":47,"column":9}},"22":{"start":{"line":49,"column":15},"end":{"line":49,"column":22}},"23":{"start":{"line":50,"column":20},"end":{"line":50,"column":40}},"24":{"start":{"line":51,"column":18},"end":{"line":51,"column":68}},"25":{"start":{"line":52,"column":4},"end":{"line":52,"column":39}},"26":{"start":{"line":53,"column":4},"end":{"line":53,"column":71}},"27":{"start":{"line":55,"column":4},"end":{"line":55,"column":12}},"28":{"start":{"line":59,"column":15},"end":{"line":68,"column":1}},"29":{"start":{"line":60,"column":13},"end":{"line":60,"column":24}},"30":{"start":{"line":61,"column":2},"end":{"line":67,"column":3}},"31":{"start":{"line":62,"column":4},"end":{"line":62,"column":38}},"32":{"start":{"line":64,"column":4},"end":{"line":64,"column":52}},"33":{"start":{"line":66,"column":4},"end":{"line":66,"column":12}},"34":{"start":{"line":70,"column":16},"end":{"line":87,"column":1}},"35":{"start":{"line":71,"column":2},"end":{"line":86,"column":3}},"36":{"start":{"line":72,"column":15},"end":{"line":72,"column":26}},"37":{"start":{"line":73,"column":20},"end":{"line":73,"column":72}},"38":{"start":{"line":74,"column":22},"end":{"line":74,"column":78}},"39":{"start":{"line":76,"column":4},"end":{"line":80,"column":5}},"40":{"start":{"line":77,"column":6},"end":{"line":77,"column":79}},"41":{"start":{"line":79,"column":6},"end":{"line":79,"column":29}},"42":{"start":{"line":82,"column":4},"end":{"line":82,"column":44}},"43":{"start":{"line":83,"column":4},"end":{"line":83,"column":68}},"44":{"start":{"line":85,"column":4},"end":{"line":85,"column":16}},"45":{"start":{"line":126,"column":0},"end":{"line":131,"column":2}}},"fnMap":{"0":{"name":"(anonymous_0)","decl":{"start":{"line":14,"column":17},"end":{"line":14,"column":18}},"loc":{"start":{"line":14,"column":43},"end":{"line":36,"column":1}},"line":14},"1":{"name":"(anonymous_1)","decl":{"start":{"line":38,"column":14},"end":{"line":38,"column":15}},"loc":{"start":{"line":38,"column":40},"end":{"line":57,"column":1}},"line":38},"2":{"name":"(anonymous_2)","decl":{"start":{"line":59,"column":15},"end":{"line":59,"column":16}},"loc":{"start":{"line":59,"column":41},"end":{"line":68,"column":1}},"line":59},"3":{"name":"(anonymous_3)","decl":{"start":{"line":70,"column":16},"end":{"line":70,"column":17}},"loc":{"start":{"line":70,"column":42},"end":{"line":87,"column":1}},"line":70}},"branchMap":{"0":{"loc":{"start":{"line":18,"column":4},"end":{"line":24,"column":5}},"type":"if","locations":[{"start":{"line":18,"column":4},"end":{"line":24,"column":5}},{"start":{"line":18,"column":4},"end":{"line":24,"column":5}}],"line":18},"1":{"loc":{"start":{"line":42,"column":4},"end":{"line":48,"column":5}},"type":"if","locations":[{"start":{"line":42,"column":4},"end":{"line":48,"column":5}},{"start":{"line":42,"column":4},"end":{"line":48,"column":5}}],"line":42},"2":{"loc":{"start":{"line":42,"column":8},"end":{"line":42,"column":33}},"type":"binary-expr","locations":[{"start":{"line":42,"column":8},"end":{"line":42,"column":13}},{"start":{"line":42,"column":17},"end":{"line":42,"column":33}}],"line":42}},"s":{"0":1,"1":1,"2":1,"3":1,"4":1,"5":1,"6":1,"7":1,"8":1,"9":0,"10":0,"11":0,"12":0,"13":0,"14":0,"15":0,"16":1,"17":0,"18":0,"19":0,"20":0,"21":0,"22":0,"23":0,"24":0,"25":0,"26":0,"27":0,"28":1,"29":0,"30":0,"31":0,"32":0,"33":0,"34":1,"35":0,"36":0,"37":0,"38":0,"39":0,"40":0,"41":0,"42":0,"43":0,"44":0,"45":1},"f":{"0":0,"1":0,"2":0,"3":0},"b":{"0":[0,0],"1":[0,0],"2":[0,0]},"_coverageSchema":"1a1c01bbd47fc00a2c39e90264f33305004495a9","hash":"df6531062e115a096ced5c04648074980bbedbea"}
,"F:\\DZ-NODE-JS\\nodejs-homework-rest-api\\nodejs-homework-rest-api\\helpers\\constants.js": {"path":"F:\\DZ-NODE-JS\\nodejs-homework-rest-api\\nodejs-homework-rest-api\\helpers\\constants.js","statementMap":{"0":{"start":{"line":1,"column":15},"end":{"line":5,"column":1}},"1":{"start":{"line":7,"column":17},"end":{"line":18,"column":1}},"2":{"start":{"line":20,"column":19},"end":{"line":31,"column":1}},"3":{"start":{"line":24,"column":4},"end":{"line":29,"column":7}},"4":{"start":{"line":33,"column":0},"end":{"line":33,"column":50}}},"fnMap":{"0":{"name":"(anonymous_0)","decl":{"start":{"line":23,"column":11},"end":{"line":23,"column":12}},"loc":{"start":{"line":23,"column":31},"end":{"line":30,"column":3}},"line":23}},"branchMap":{},"s":{"0":2,"1":2,"2":2,"3":0,"4":2},"f":{"0":0},"b":{},"_coverageSchema":"1a1c01bbd47fc00a2c39e90264f33305004495a9","hash":"b61253824fc442513ef5b0d0ab0e2d13f9a922a9"}
,"F:\\DZ-NODE-JS\\nodejs-homework-rest-api\\nodejs-homework-rest-api\\helpers\\create-folder.js": {"path":"F:\\DZ-NODE-JS\\nodejs-homework-rest-api\\nodejs-homework-rest-api\\helpers\\create-folder.js","statementMap":{"0":{"start":{"line":1,"column":11},"end":{"line":1,"column":33}},"1":{"start":{"line":3,"column":21},"end":{"line":8,"column":1}},"2":{"start":{"line":4,"column":2},"end":{"line":7,"column":24}},"3":{"start":{"line":6,"column":16},"end":{"line":6,"column":20}},"4":{"start":{"line":7,"column":17},"end":{"line":7,"column":22}},"5":{"start":{"line":10,"column":31},"end":{"line":14,"column":1}},"6":{"start":{"line":11,"column":2},"end":{"line":13,"column":3}},"7":{"start":{"line":12,"column":4},"end":{"line":12,"column":27}},"8":{"start":{"line":16,"column":0},"end":{"line":16,"column":40}}},"fnMap":{"0":{"name":"(anonymous_0)","decl":{"start":{"line":3,"column":21},"end":{"line":3,"column":22}},"loc":{"start":{"line":3,"column":31},"end":{"line":8,"column":1}},"line":3},"1":{"name":"(anonymous_1)","decl":{"start":{"line":6,"column":10},"end":{"line":6,"column":11}},"loc":{"start":{"line":6,"column":16},"end":{"line":6,"column":20}},"line":6},"2":{"name":"(anonymous_2)","decl":{"start":{"line":7,"column":11},"end":{"line":7,"column":12}},"loc":{"start":{"line":7,"column":17},"end":{"line":7,"column":22}},"line":7},"3":{"name":"(anonymous_3)","decl":{"start":{"line":10,"column":31},"end":{"line":10,"column":32}},"loc":{"start":{"line":10,"column":49},"end":{"line":14,"column":1}},"line":10}},"branchMap":{"0":{"loc":{"start":{"line":11,"column":2},"end":{"line":13,"column":3}},"type":"if","locations":[{"start":{"line":11,"column":2},"end":{"line":13,"column":3}},{"start":{"line":11,"column":2},"end":{"line":13,"column":3}}],"line":11}},"s":{"0":1,"1":1,"2":0,"3":0,"4":0,"5":1,"6":0,"7":0,"8":1},"f":{"0":0,"1":0,"2":0,"3":0},"b":{"0":[0,0]},"_coverageSchema":"1a1c01bbd47fc00a2c39e90264f33305004495a9","hash":"1f37c1577907b81f5958966f2d21539533df126c"}
,"F:\\DZ-NODE-JS\\nodejs-homework-rest-api\\nodejs-homework-rest-api\\helpers\\guard.js": {"path":"F:\\DZ-NODE-JS\\nodejs-homework-rest-api\\nodejs-homework-rest-api\\helpers\\guard.js","statementMap":{"0":{"start":{"line":1,"column":17},"end":{"line":1,"column":36}},"1":{"start":{"line":2,"column":0},"end":{"line":2,"column":30}},"2":{"start":{"line":3,"column":21},"end":{"line":3,"column":43}},"3":{"start":{"line":5,"column":14},"end":{"line":24,"column":1}},"4":{"start":{"line":6,"column":2},"end":{"line":23,"column":21}},"5":{"start":{"line":7,"column":23},"end":{"line":7,"column":47}},"6":{"start":{"line":8,"column":16},"end":{"line":8,"column":20}},"7":{"start":{"line":9,"column":4},"end":{"line":11,"column":5}},"8":{"start":{"line":10,"column":6},"end":{"line":10,"column":39}},"9":{"start":{"line":13,"column":4},"end":{"line":19,"column":5}},"10":{"start":{"line":14,"column":6},"end":{"line":18,"column":9}},"11":{"start":{"line":21,"column":4},"end":{"line":21,"column":20}},"12":{"start":{"line":22,"column":4},"end":{"line":22,"column":18}},"13":{"start":{"line":26,"column":0},"end":{"line":26,"column":23}}},"fnMap":{"0":{"name":"(anonymous_0)","decl":{"start":{"line":5,"column":14},"end":{"line":5,"column":15}},"loc":{"start":{"line":5,"column":34},"end":{"line":24,"column":1}},"line":5},"1":{"name":"(anonymous_1)","decl":{"start":{"line":6,"column":51},"end":{"line":6,"column":52}},"loc":{"start":{"line":6,"column":66},"end":{"line":23,"column":3}},"line":6}},"branchMap":{"0":{"loc":{"start":{"line":9,"column":4},"end":{"line":11,"column":5}},"type":"if","locations":[{"start":{"line":9,"column":4},"end":{"line":11,"column":5}},{"start":{"line":9,"column":4},"end":{"line":11,"column":5}}],"line":9},"1":{"loc":{"start":{"line":13,"column":4},"end":{"line":19,"column":5}},"type":"if","locations":[{"start":{"line":13,"column":4},"end":{"line":19,"column":5}},{"start":{"line":13,"column":4},"end":{"line":19,"column":5}}],"line":13},"2":{"loc":{"start":{"line":13,"column":8},"end":{"line":13,"column":45}},"type":"binary-expr","locations":[{"start":{"line":13,"column":8},"end":{"line":13,"column":11}},{"start":{"line":13,"column":15},"end":{"line":13,"column":20}},{"start":{"line":13,"column":24},"end":{"line":13,"column":45}}],"line":13}},"s":{"0":2,"1":2,"2":2,"3":2,"4":7,"5":7,"6":7,"7":7,"8":7,"9":7,"10":2,"11":5,"12":5,"13":2},"f":{"0":7,"1":7},"b":{"0":[7,0],"1":[2,5],"2":[7,7,6]},"_coverageSchema":"1a1c01bbd47fc00a2c39e90264f33305004495a9","hash":"4b5ef5151ba2b0f308bc6a483f475cf59e5744a3"}
,"F:\\DZ-NODE-JS\\nodejs-homework-rest-api\\nodejs-homework-rest-api\\helpers\\upload.js": {"path":"F:\\DZ-NODE-JS\\nodejs-homework-rest-api\\nodejs-homework-rest-api\\helpers\\upload.js","statementMap":{"0":{"start":{"line":1,"column":15},"end":{"line":1,"column":32}},"1":{"start":{"line":3,"column":0},"end":{"line":3,"column":27}},"2":{"start":{"line":4,"column":19},"end":{"line":4,"column":41}},"3":{"start":{"line":6,"column":16},"end":{"line":13,"column":2}},"4":{"start":{"line":8,"column":4},"end":{"line":8,"column":25}},"5":{"start":{"line":11,"column":4},"end":{"line":11,"column":62}},"6":{"start":{"line":15,"column":15},"end":{"line":27,"column":2}},"7":{"start":{"line":19,"column":4},"end":{"line":22,"column":5}},"8":{"start":{"line":20,"column":6},"end":{"line":20,"column":21}},"9":{"start":{"line":21,"column":6},"end":{"line":21,"column":13}},"10":{"start":{"line":23,"column":18},"end":{"line":23,"column":59}},"11":{"start":{"line":24,"column":4},"end":{"line":24,"column":23}},"12":{"start":{"line":25,"column":4},"end":{"line":25,"column":14}},"13":{"start":{"line":29,"column":0},"end":{"line":29,"column":24}}},"fnMap":{"0":{"name":"(anonymous_0)","decl":{"start":{"line":7,"column":15},"end":{"line":7,"column":16}},"loc":{"start":{"line":7,"column":40},"end":{"line":9,"column":3}},"line":7},"1":{"name":"(anonymous_1)","decl":{"start":{"line":10,"column":12},"end":{"line":10,"column":13}},"loc":{"start":{"line":10,"column":37},"end":{"line":12,"column":3}},"line":10},"2":{"name":"(anonymous_2)","decl":{"start":{"line":18,"column":14},"end":{"line":18,"column":15}},"loc":{"start":{"line":18,"column":33},"end":{"line":26,"column":3}},"line":18}},"branchMap":{"0":{"loc":{"start":{"line":19,"column":4},"end":{"line":22,"column":5}},"type":"if","locations":[{"start":{"line":19,"column":4},"end":{"line":22,"column":5}},{"start":{"line":19,"column":4},"end":{"line":22,"column":5}}],"line":19}},"s":{"0":1,"1":1,"2":1,"3":1,"4":0,"5":0,"6":1,"7":0,"8":0,"9":0,"10":0,"11":0,"12":0,"13":1},"f":{"0":0,"1":0,"2":0},"b":{"0":[0,0]},"_coverageSchema":"1a1c01bbd47fc00a2c39e90264f33305004495a9","hash":"e4edae6ef5b4f71ffc7945d6d29536a91639606d"}
,"F:\\DZ-NODE-JS\\nodejs-homework-rest-api\\nodejs-homework-rest-api\\model\\contact.js": {"path":"F:\\DZ-NODE-JS\\nodejs-homework-rest-api\\nodejs-homework-rest-api\\model\\contact.js","statementMap":{"0":{"start":{"line":2,"column":39},"end":{"line":2,"column":58}},"1":{"start":{"line":3,"column":25},"end":{"line":3,"column":56}},"2":{"start":{"line":5,"column":22},"end":{"line":44,"column":1}},"3":{"start":{"line":32,"column":8},"end":{"line":32,"column":23}},"4":{"start":{"line":33,"column":8},"end":{"line":33,"column":19}},"5":{"start":{"line":39,"column":8},"end":{"line":39,"column":23}},"6":{"start":{"line":40,"column":8},"end":{"line":40,"column":19}},"7":{"start":{"line":46,"column":0},"end":{"line":48,"column":3}},"8":{"start":{"line":47,"column":2},"end":{"line":47,"column":61}},"9":{"start":{"line":50,"column":0},"end":{"line":53,"column":3}},"10":{"start":{"line":51,"column":13},"end":{"line":51,"column":24}},"11":{"start":{"line":52,"column":2},"end":{"line":52,"column":32}},"12":{"start":{"line":55,"column":0},"end":{"line":55,"column":39}},"13":{"start":{"line":57,"column":16},"end":{"line":57,"column":47}},"14":{"start":{"line":59,"column":0},"end":{"line":59,"column":25}}},"fnMap":{"0":{"name":"(anonymous_0)","decl":{"start":{"line":31,"column":17},"end":{"line":31,"column":18}},"loc":{"start":{"line":31,"column":37},"end":{"line":34,"column":7}},"line":31},"1":{"name":"(anonymous_1)","decl":{"start":{"line":38,"column":17},"end":{"line":38,"column":18}},"loc":{"start":{"line":38,"column":37},"end":{"line":41,"column":7}},"line":38},"2":{"name":"(anonymous_2)","decl":{"start":{"line":46,"column":34},"end":{"line":46,"column":35}},"loc":{"start":{"line":46,"column":46},"end":{"line":48,"column":1}},"line":46},"3":{"name":"(anonymous_3)","decl":{"start":{"line":50,"column":36},"end":{"line":50,"column":37}},"loc":{"start":{"line":50,"column":47},"end":{"line":53,"column":1}},"line":50}},"branchMap":{},"s":{"0":2,"1":2,"2":2,"3":1,"4":1,"5":0,"6":0,"7":2,"8":1,"9":2,"10":2,"11":2,"12":2,"13":2,"14":2},"f":{"0":1,"1":0,"2":1,"3":2},"b":{},"_coverageSchema":"1a1c01bbd47fc00a2c39e90264f33305004495a9","hash":"26431bb3b5b859874beec11229595fa3e5dd49cd"}
,"F:\\DZ-NODE-JS\\nodejs-homework-rest-api\\nodejs-homework-rest-api\\model\\db.js": {"path":"F:\\DZ-NODE-JS\\nodejs-homework-rest-api\\nodejs-homework-rest-api\\model\\db.js","statementMap":{"0":{"start":{"line":1,"column":17},"end":{"line":1,"column":36}},"1":{"start":{"line":2,"column":0},"end":{"line":2,"column":27}},"2":{"start":{"line":3,"column":12},"end":{"line":3,"column":16}},"3":{"start":{"line":5,"column":0},"end":{"line":9,"column":1}},"4":{"start":{"line":6,"column":2},"end":{"line":6,"column":34}},"5":{"start":{"line":8,"column":2},"end":{"line":8,"column":29}},"6":{"start":{"line":11,"column":11},"end":{"line":17,"column":2}},"7":{"start":{"line":19,"column":0},"end":{"line":31,"column":1}},"8":{"start":{"line":20,"column":2},"end":{"line":22,"column":5}},"9":{"start":{"line":21,"column":4},"end":{"line":21,"column":44}},"10":{"start":{"line":24,"column":2},"end":{"line":26,"column":5}},"11":{"start":{"line":25,"column":4},"end":{"line":25,"column":58}},"12":{"start":{"line":28,"column":2},"end":{"line":30,"column":5}},"13":{"start":{"line":29,"column":4},"end":{"line":29,"column":41}},"14":{"start":{"line":32,"column":0},"end":{"line":37,"column":3}},"15":{"start":{"line":33,"column":2},"end":{"line":36,"column":5}},"16":{"start":{"line":34,"column":4},"end":{"line":34,"column":47}},"17":{"start":{"line":35,"column":4},"end":{"line":35,"column":20}},"18":{"start":{"line":39,"column":0},"end":{"line":39,"column":20}}},"fnMap":{"0":{"name":"(anonymous_0)","decl":{"start":{"line":20,"column":38},"end":{"line":20,"column":39}},"loc":{"start":{"line":20,"column":44},"end":{"line":22,"column":3}},"line":20},"1":{"name":"(anonymous_1)","decl":{"start":{"line":24,"column":34},"end":{"line":24,"column":35}},"loc":{"start":{"line":24,"column":41},"end":{"line":26,"column":3}},"line":24},"2":{"name":"(anonymous_2)","decl":{"start":{"line":28,"column":41},"end":{"line":28,"column":42}},"loc":{"start":{"line":28,"column":48},"end":{"line":30,"column":3}},"line":28},"3":{"name":"(anonymous_3)","decl":{"start":{"line":32,"column":21},"end":{"line":32,"column":22}},"loc":{"start":{"line":32,"column":33},"end":{"line":37,"column":1}},"line":32},"4":{"name":"(anonymous_4)","decl":{"start":{"line":33,"column":28},"end":{"line":33,"column":29}},"loc":{"start":{"line":33,"column":34},"end":{"line":36,"column":3}},"line":33}},"branchMap":{"0":{"loc":{"start":{"line":5,"column":0},"end":{"line":9,"column":1}},"type":"if","locations":[{"start":{"line":5,"column":0},"end":{"line":9,"column":1}},{"start":{"line":5,"column":0},"end":{"line":9,"column":1}}],"line":5},"1":{"loc":{"start":{"line":19,"column":0},"end":{"line":31,"column":1}},"type":"if","locations":[{"start":{"line":19,"column":0},"end":{"line":31,"column":1}},{"start":{"line":19,"column":0},"end":{"line":31,"column":1}}],"line":19}},"s":{"0":1,"1":1,"2":1,"3":1,"4":1,"5":0,"6":1,"7":1,"8":0,"9":0,"10":0,"11":0,"12":0,"13":0,"14":1,"15":0,"16":0,"17":0,"18":1},"f":{"0":0,"1":0,"2":0,"3":0,"4":0},"b":{"0":[1,0],"1":[0,1]},"_coverageSchema":"1a1c01bbd47fc00a2c39e90264f33305004495a9","hash":"f88010f8103d0a31cc697e95ad747ba9c07faa36"}
,"F:\\DZ-NODE-JS\\nodejs-homework-rest-api\\nodejs-homework-rest-api\\model\\user.js": {"path":"F:\\DZ-NODE-JS\\nodejs-homework-rest-api\\nodejs-homework-rest-api\\model\\user.js","statementMap":{"0":{"start":{"line":1,"column":26},"end":{"line":1,"column":45}},"1":{"start":{"line":2,"column":11},"end":{"line":2,"column":30}},"2":{"start":{"line":3,"column":19},"end":{"line":3,"column":50}},"3":{"start":{"line":4,"column":15},"end":{"line":4,"column":34}},"4":{"start":{"line":5,"column":25},"end":{"line":5,"column":26}},"5":{"start":{"line":7,"column":19},"end":{"line":47,"column":1}},"6":{"start":{"line":24,"column":19},"end":{"line":24,"column":34}},"7":{"start":{"line":25,"column":8},"end":{"line":25,"column":52}},"8":{"start":{"line":35,"column":8},"end":{"line":35,"column":54}},"9":{"start":{"line":49,"column":0},"end":{"line":55,"column":3}},"10":{"start":{"line":50,"column":2},"end":{"line":53,"column":3}},"11":{"start":{"line":51,"column":17},"end":{"line":51,"column":55}},"12":{"start":{"line":52,"column":4},"end":{"line":52,"column":59}},"13":{"start":{"line":54,"column":2},"end":{"line":54,"column":9}},"14":{"start":{"line":57,"column":0},"end":{"line":59,"column":2}},"15":{"start":{"line":58,"column":2},"end":{"line":58,"column":55}},"16":{"start":{"line":61,"column":13},"end":{"line":61,"column":38}},"17":{"start":{"line":63,"column":0},"end":{"line":63,"column":22}}},"fnMap":{"0":{"name":"(anonymous_0)","decl":{"start":{"line":23,"column":6},"end":{"line":23,"column":7}},"loc":{"start":{"line":23,"column":22},"end":{"line":26,"column":7}},"line":23},"1":{"name":"(anonymous_1)","decl":{"start":{"line":34,"column":15},"end":{"line":34,"column":16}},"loc":{"start":{"line":34,"column":27},"end":{"line":36,"column":7}},"line":34},"2":{"name":"(anonymous_2)","decl":{"start":{"line":49,"column":23},"end":{"line":49,"column":24}},"loc":{"start":{"line":49,"column":45},"end":{"line":55,"column":1}},"line":49},"3":{"name":"(anonymous_3)","decl":{"start":{"line":57,"column":37},"end":{"line":57,"column":38}},"loc":{"start":{"line":57,"column":63},"end":{"line":59,"column":1}},"line":57}},"branchMap":{"0":{"loc":{"start":{"line":50,"column":2},"end":{"line":53,"column":3}},"type":"if","locations":[{"start":{"line":50,"column":2},"end":{"line":53,"column":3}},{"start":{"line":50,"column":2},"end":{"line":53,"column":3}}],"line":50}},"s":{"0":2,"1":2,"2":2,"3":2,"4":2,"5":2,"6":1,"7":1,"8":1,"9":2,"10":1,"11":1,"12":1,"13":1,"14":2,"15":0,"16":2,"17":2},"f":{"0":1,"1":1,"2":1,"3":0},"b":{"0":[1,0]},"_coverageSchema":"1a1c01bbd47fc00a2c39e90264f33305004495a9","hash":"6619c6b427671f43d2a31b591dc049d5b927f44e"}
,"F:\\DZ-NODE-JS\\nodejs-homework-rest-api\\nodejs-homework-rest-api\\repositories\\contacts.js": {"path":"F:\\DZ-NODE-JS\\nodejs-homework-rest-api\\nodejs-homework-rest-api\\repositories\\contacts.js","statementMap":{"0":{"start":{"line":1,"column":16},"end":{"line":1,"column":43}},"1":{"start":{"line":3,"column":21},"end":{"line":34,"column":1}},"2":{"start":{"line":15,"column":6},"end":{"line":15,"column":11}},"3":{"start":{"line":16,"column":24},"end":{"line":16,"column":41}},"4":{"start":{"line":17,"column":2},"end":{"line":19,"column":3}},"5":{"start":{"line":18,"column":4},"end":{"line":18,"column":38}},"6":{"start":{"line":20,"column":18},"end":{"line":32,"column":4}},"7":{"start":{"line":33,"column":2},"end":{"line":33,"column":17}},"8":{"start":{"line":36,"column":23},"end":{"line":45,"column":1}},"9":{"start":{"line":37,"column":17},"end":{"line":43,"column":4}},"10":{"start":{"line":44,"column":2},"end":{"line":44,"column":16}},"11":{"start":{"line":47,"column":22},"end":{"line":50,"column":1}},"12":{"start":{"line":48,"column":28},"end":{"line":48,"column":78}},"13":{"start":{"line":49,"column":2},"end":{"line":49,"column":16}},"14":{"start":{"line":52,"column":19},"end":{"line":55,"column":1}},"15":{"start":{"line":53,"column":17},"end":{"line":53,"column":65}},"16":{"start":{"line":54,"column":2},"end":{"line":54,"column":16}},"17":{"start":{"line":57,"column":22},"end":{"line":64,"column":1}},"18":{"start":{"line":58,"column":28},"end":{"line":62,"column":3}},"19":{"start":{"line":63,"column":2},"end":{"line":63,"column":16}},"20":{"start":{"line":66,"column":0},"end":{"line":72,"column":2}}},"fnMap":{"0":{"name":"(anonymous_0)","decl":{"start":{"line":3,"column":21},"end":{"line":3,"column":22}},"loc":{"start":{"line":3,"column":46},"end":{"line":34,"column":1}},"line":3},"1":{"name":"(anonymous_1)","decl":{"start":{"line":36,"column":23},"end":{"line":36,"column":24}},"loc":{"start":{"line":36,"column":52},"end":{"line":45,"column":1}},"line":36},"2":{"name":"(anonymous_2)","decl":{"start":{"line":47,"column":22},"end":{"line":47,"column":23}},"loc":{"start":{"line":47,"column":43},"end":{"line":50,"column":1}},"line":47},"3":{"name":"(anonymous_3)","decl":{"start":{"line":52,"column":19},"end":{"line":52,"column":20}},"loc":{"start":{"line":52,"column":43},"end":{"line":55,"column":1}},"line":52},"4":{"name":"(anonymous_4)","decl":{"start":{"line":57,"column":22},"end":{"line":57,"column":23}},"loc":{"start":{"line":57,"column":57},"end":{"line":64,"column":1}},"line":57}},"branchMap":{"0":{"loc":{"start":{"line":12,"column":4},"end":{"line":12,"column":19}},"type":"default-arg","locations":[{"start":{"line":12,"column":15},"end":{"line":12,"column":19}}],"line":12},"1":{"loc":{"start":{"line":13,"column":4},"end":{"line":13,"column":14}},"type":"default-arg","locations":[{"start":{"line":13,"column":12},"end":{"line":13,"column":14}}],"line":13},"2":{"loc":{"start":{"line":14,"column":4},"end":{"line":14,"column":12}},"type":"default-arg","locations":[{"start":{"line":14,"column":11},"end":{"line":14,"column":12}}],"line":14},"3":{"loc":{"start":{"line":17,"column":2},"end":{"line":19,"column":3}},"type":"if","locations":[{"start":{"line":17,"column":2},"end":{"line":19,"column":3}},{"start":{"line":17,"column":2},"end":{"line":19,"column":3}}],"line":17},"4":{"loc":{"start":{"line":24,"column":10},"end":{"line":24,"column":44}},"type":"cond-expr","locations":[{"start":{"line":24,"column":19},"end":{"line":24,"column":39}},{"start":{"line":24,"column":42},"end":{"line":24,"column":44}}],"line":24},"5":{"loc":{"start":{"line":25,"column":10},"end":{"line":25,"column":53}},"type":"cond-expr","locations":[{"start":{"line":25,"column":23},"end":{"line":25,"column":48}},{"start":{"line":25,"column":51},"end":{"line":25,"column":53}}],"line":25},"6":{"loc":{"start":{"line":27,"column":12},"end":{"line":27,"column":53}},"type":"cond-expr","locations":[{"start":{"line":27,"column":21},"end":{"line":27,"column":48}},{"start":{"line":27,"column":51},"end":{"line":27,"column":53}}],"line":27}},"s":{"0":2,"1":2,"2":1,"3":1,"4":1,"5":0,"6":1,"7":1,"8":2,"9":2,"10":2,"11":2,"12":0,"13":0,"14":2,"15":1,"16":1,"17":2,"18":0,"19":0,"20":2},"f":{"0":1,"1":2,"2":0,"3":1,"4":0},"b":{"0":[1],"1":[1],"2":[1],"3":[0,1],"4":[0,1],"5":[0,1],"6":[0,1]},"_coverageSchema":"1a1c01bbd47fc00a2c39e90264f33305004495a9","hash":"277a5f33cc2f6ec76727ffb3acd4e778abd4d1e0"}
,"F:\\DZ-NODE-JS\\nodejs-homework-rest-api\\nodejs-homework-rest-api\\repositories\\users.js": {"path":"F:\\DZ-NODE-JS\\nodejs-homework-rest-api\\nodejs-homework-rest-api\\repositories\\users.js","statementMap":{"0":{"start":{"line":1,"column":13},"end":{"line":1,"column":37}},"1":{"start":{"line":3,"column":17},"end":{"line":5,"column":1}},"2":{"start":{"line":4,"column":2},"end":{"line":4,"column":33}},"3":{"start":{"line":7,"column":20},"end":{"line":9,"column":1}},"4":{"start":{"line":8,"column":2},"end":{"line":8,"column":39}},"5":{"start":{"line":11,"column":15},"end":{"line":14,"column":1}},"6":{"start":{"line":12,"column":15},"end":{"line":12,"column":29}},"7":{"start":{"line":13,"column":2},"end":{"line":13,"column":27}},"8":{"start":{"line":16,"column":20},"end":{"line":18,"column":1}},"9":{"start":{"line":17,"column":2},"end":{"line":17,"column":54}},"10":{"start":{"line":20,"column":21},"end":{"line":22,"column":1}},"11":{"start":{"line":21,"column":2},"end":{"line":21,"column":70}},"12":{"start":{"line":24,"column":0},"end":{"line":30,"column":2}}},"fnMap":{"0":{"name":"(anonymous_0)","decl":{"start":{"line":3,"column":17},"end":{"line":3,"column":18}},"loc":{"start":{"line":3,"column":31},"end":{"line":5,"column":1}},"line":3},"1":{"name":"(anonymous_1)","decl":{"start":{"line":7,"column":20},"end":{"line":7,"column":21}},"loc":{"start":{"line":7,"column":37},"end":{"line":9,"column":1}},"line":7},"2":{"name":"(anonymous_2)","decl":{"start":{"line":11,"column":15},"end":{"line":11,"column":16}},"loc":{"start":{"line":11,"column":31},"end":{"line":14,"column":1}},"line":11},"3":{"name":"(anonymous_3)","decl":{"start":{"line":16,"column":20},"end":{"line":16,"column":21}},"loc":{"start":{"line":16,"column":41},"end":{"line":18,"column":1}},"line":16},"4":{"name":"(anonymous_4)","decl":{"start":{"line":20,"column":21},"end":{"line":20,"column":22}},"loc":{"start":{"line":20,"column":65},"end":{"line":22,"column":1}},"line":20}},"branchMap":{"0":{"loc":{"start":{"line":20,"column":40},"end":{"line":20,"column":60}},"type":"default-arg","locations":[{"start":{"line":20,"column":56},"end":{"line":20,"column":60}}],"line":20}},"s":{"0":2,"1":2,"2":4,"3":2,"4":0,"5":2,"6":0,"7":0,"8":2,"9":1,"10":2,"11":0,"12":2},"f":{"0":4,"1":0,"2":0,"3":1,"4":0},"b":{"0":[0]},"_coverageSchema":"1a1c01bbd47fc00a2c39e90264f33305004495a9","hash":"ac101d363c65bd7ea66abe97e47fcb5c50f0caaf"}
,"F:\\DZ-NODE-JS\\nodejs-homework-rest-api\\nodejs-homework-rest-api\\routes\\api\\index.js": {"path":"F:\\DZ-NODE-JS\\nodejs-homework-rest-api\\nodejs-homework-rest-api\\routes\\api\\index.js","statementMap":{"0":{"start":{"line":1,"column":16},"end":{"line":1,"column":34}},"1":{"start":{"line":2,"column":15},"end":{"line":2,"column":31}},"2":{"start":{"line":4,"column":0},"end":{"line":4,"column":41}},"3":{"start":{"line":5,"column":0},"end":{"line":5,"column":47}},"4":{"start":{"line":7,"column":0},"end":{"line":7,"column":24}}},"fnMap":{},"branchMap":{},"s":{"0":1,"1":1,"2":1,"3":1,"4":1},"f":{},"b":{},"_coverageSchema":"1a1c01bbd47fc00a2c39e90264f33305004495a9","hash":"ff0c4039fcb1e712bd7033635f095a199bb11b52"}
,"F:\\DZ-NODE-JS\\nodejs-homework-rest-api\\nodejs-homework-rest-api\\routes\\api\\contacts\\index.js": {"path":"F:\\DZ-NODE-JS\\nodejs-homework-rest-api\\nodejs-homework-rest-api\\routes\\api\\contacts\\index.js","statementMap":{"0":{"start":{"line":1,"column":16},"end":{"line":1,"column":34}},"1":{"start":{"line":2,"column":28},"end":{"line":2,"column":42}},"2":{"start":{"line":3,"column":15},"end":{"line":3,"column":31}},"3":{"start":{"line":4,"column":13},"end":{"line":4,"column":53}},"4":{"start":{"line":5,"column":14},"end":{"line":5,"column":47}},"5":{"start":{"line":12,"column":4},"end":{"line":12,"column":27}},"6":{"start":{"line":14,"column":0},"end":{"line":17,"column":3}},"7":{"start":{"line":15,"column":2},"end":{"line":15,"column":23}},"8":{"start":{"line":16,"column":2},"end":{"line":16,"column":9}},"9":{"start":{"line":19,"column":0},"end":{"line":21,"column":58}},"10":{"start":{"line":23,"column":0},"end":{"line":32,"column":4}},"11":{"start":{"line":34,"column":0},"end":{"line":39,"column":2}},"12":{"start":{"line":41,"column":0},"end":{"line":41,"column":24}}},"fnMap":{"0":{"name":"(anonymous_0)","decl":{"start":{"line":14,"column":11},"end":{"line":14,"column":12}},"loc":{"start":{"line":14,"column":31},"end":{"line":17,"column":1}},"line":14}},"branchMap":{},"s":{"0":1,"1":1,"2":1,"3":1,"4":1,"5":1,"6":1,"7":4,"8":4,"9":1,"10":1,"11":1,"12":1},"f":{"0":4},"b":{},"_coverageSchema":"1a1c01bbd47fc00a2c39e90264f33305004495a9","hash":"a549495a791e666c3159819ab7d11280e8e402a9"}
,"F:\\DZ-NODE-JS\\nodejs-homework-rest-api\\nodejs-homework-rest-api\\routes\\api\\contacts\\validation.js": {"path":"F:\\DZ-NODE-JS\\nodejs-homework-rest-api\\nodejs-homework-rest-api\\routes\\api\\contacts\\validation.js","statementMap":{"0":{"start":{"line":1,"column":12},"end":{"line":1,"column":26}},"1":{"start":{"line":2,"column":17},"end":{"line":2,"column":36}},"2":{"start":{"line":4,"column":28},"end":{"line":14,"column":2}},"3":{"start":{"line":16,"column":28},"end":{"line":26,"column":43}},"4":{"start":{"line":28,"column":34},"end":{"line":30,"column":2}},"5":{"start":{"line":32,"column":17},"end":{"line":42,"column":1}},"6":{"start":{"line":33,"column":2},"end":{"line":41,"column":3}},"7":{"start":{"line":34,"column":4},"end":{"line":34,"column":36}},"8":{"start":{"line":35,"column":4},"end":{"line":35,"column":11}},"9":{"start":{"line":37,"column":4},"end":{"line":40,"column":7}},"10":{"start":{"line":44,"column":0},"end":{"line":66,"column":2}},"11":{"start":{"line":46,"column":4},"end":{"line":46,"column":57}},"12":{"start":{"line":50,"column":4},"end":{"line":50,"column":57}},"13":{"start":{"line":54,"column":4},"end":{"line":54,"column":63}},"14":{"start":{"line":58,"column":4},"end":{"line":63,"column":5}},"15":{"start":{"line":59,"column":6},"end":{"line":62,"column":9}},"16":{"start":{"line":64,"column":4},"end":{"line":64,"column":11}}},"fnMap":{"0":{"name":"(anonymous_0)","decl":{"start":{"line":32,"column":17},"end":{"line":32,"column":18}},"loc":{"start":{"line":32,"column":46},"end":{"line":42,"column":1}},"line":32},"1":{"name":"(anonymous_1)","decl":{"start":{"line":45,"column":27},"end":{"line":45,"column":28}},"loc":{"start":{"line":45,"column":47},"end":{"line":47,"column":3}},"line":45},"2":{"name":"(anonymous_2)","decl":{"start":{"line":49,"column":27},"end":{"line":49,"column":28}},"loc":{"start":{"line":49,"column":47},"end":{"line":51,"column":3}},"line":49},"3":{"name":"(anonymous_3)","decl":{"start":{"line":53,"column":33},"end":{"line":53,"column":34}},"loc":{"start":{"line":53,"column":53},"end":{"line":55,"column":3}},"line":53},"4":{"name":"(anonymous_4)","decl":{"start":{"line":57,"column":19},"end":{"line":57,"column":20}},"loc":{"start":{"line":57,"column":39},"end":{"line":65,"column":3}},"line":57}},"branchMap":{"0":{"loc":{"start":{"line":58,"column":4},"end":{"line":63,"column":5}},"type":"if","locations":[{"start":{"line":58,"column":4},"end":{"line":63,"column":5}},{"start":{"line":58,"column":4},"end":{"line":63,"column":5}}],"line":58}},"s":{"0":1,"1":1,"2":1,"3":1,"4":1,"5":1,"6":1,"7":1,"8":1,"9":0,"10":1,"11":1,"12":0,"13":0,"14":2,"15":0,"16":2},"f":{"0":1,"1":1,"2":0,"3":0,"4":2},"b":{"0":[0,2]},"_coverageSchema":"1a1c01bbd47fc00a2c39e90264f33305004495a9","hash":"253be1ae904b81daad832c797d6001852edb3008"}
,"F:\\DZ-NODE-JS\\nodejs-homework-rest-api\\nodejs-homework-rest-api\\routes\\api\\users\\index.js": {"path":"F:\\DZ-NODE-JS\\nodejs-homework-rest-api\\nodejs-homework-rest-api\\routes\\api\\users\\index.js","statementMap":{"0":{"start":{"line":1,"column":16},"end":{"line":1,"column":34}},"1":{"start":{"line":2,"column":15},"end":{"line":2,"column":31}},"2":{"start":{"line":3,"column":13},"end":{"line":3,"column":50}},"3":{"start":{"line":4,"column":14},"end":{"line":4,"column":47}},"4":{"start":{"line":5,"column":15},"end":{"line":5,"column":49}},"5":{"start":{"line":7,"column":0},"end":{"line":7,"column":40}},"6":{"start":{"line":8,"column":0},"end":{"line":8,"column":34}},"7":{"start":{"line":9,"column":0},"end":{"line":9,"column":43}},"8":{"start":{"line":10,"column":0},"end":{"line":10,"column":71}},"9":{"start":{"line":12,"column":0},"end":{"line":12,"column":24}}},"fnMap":{},"branchMap":{},"s":{"0":1,"1":1,"2":1,"3":1,"4":1,"5":1,"6":1,"7":1,"8":1,"9":1},"f":{},"b":{},"_coverageSchema":"1a1c01bbd47fc00a2c39e90264f33305004495a9","hash":"3eef286422c40d3a503627447402410f85036bf6"}
,"F:\\DZ-NODE-JS\\nodejs-homework-rest-api\\nodejs-homework-rest-api\\services\\local-upload.js": {"path":"F:\\DZ-NODE-JS\\nodejs-homework-rest-api\\nodejs-homework-rest-api\\services\\local-upload.js","statementMap":{"0":{"start":{"line":1,"column":13},"end":{"line":1,"column":28}},"1":{"start":{"line":2,"column":13},"end":{"line":2,"column":28}},"2":{"start":{"line":3,"column":11},"end":{"line":3,"column":33}},"3":{"start":{"line":4,"column":31},"end":{"line":4,"column":66}},"4":{"start":{"line":8,"column":4},"end":{"line":8,"column":39}},"5":{"start":{"line":12,"column":16},"end":{"line":12,"column":41}},"6":{"start":{"line":13,"column":4},"end":{"line":20,"column":28}},"7":{"start":{"line":24,"column":4},"end":{"line":24,"column":42}},"8":{"start":{"line":25,"column":29},"end":{"line":25,"column":66}},"9":{"start":{"line":26,"column":4},"end":{"line":26,"column":51}},"10":{"start":{"line":27,"column":4},"end":{"line":27,"column":75}},"11":{"start":{"line":28,"column":4},"end":{"line":28,"column":60}},"12":{"start":{"line":32,"column":0},"end":{"line":32,"column":37}}},"fnMap":{"0":{"name":"(anonymous_0)","decl":{"start":{"line":7,"column":2},"end":{"line":7,"column":3}},"loc":{"start":{"line":7,"column":29},"end":{"line":9,"column":3}},"line":7},"1":{"name":"(anonymous_1)","decl":{"start":{"line":11,"column":2},"end":{"line":11,"column":3}},"loc":{"start":{"line":11,"column":34},"end":{"line":21,"column":3}},"line":11},"2":{"name":"(anonymous_2)","decl":{"start":{"line":23,"column":2},"end":{"line":23,"column":3}},"loc":{"start":{"line":23,"column":37},"end":{"line":29,"column":3}},"line":23}},"branchMap":{},"s":{"0":1,"1":1,"2":1,"3":1,"4":0,"5":0,"6":0,"7":0,"8":0,"9":0,"10":0,"11":0,"12":1},"f":{"0":0,"1":0,"2":0},"b":{},"_coverageSchema":"1a1c01bbd47fc00a2c39e90264f33305004495a9","hash":"4f334aa0e1d5a46908750b4acc7daefe1ce78dce"}
,"F:\\DZ-NODE-JS\\nodejs-homework-rest-api\\nodejs-homework-rest-api\\test\\data\\data.js": {"path":"F:\\DZ-NODE-JS\\nodejs-homework-rest-api\\nodejs-homework-rest-api\\test\\data\\data.js","statementMap":{"0":{"start":{"line":1,"column":19},"end":{"line":5,"column":1}},"1":{"start":{"line":7,"column":16},"end":{"line":12,"column":1}},"2":{"start":{"line":14,"column":20},"end":{"line":19,"column":1}},"3":{"start":{"line":21,"column":0},"end":{"line":21,"column":54}}},"fnMap":{},"branchMap":{},"s":{"0":1,"1":1,"2":1,"3":1},"f":{},"b":{},"_coverageSchema":"1a1c01bbd47fc00a2c39e90264f33305004495a9","hash":"ed7b8850ef901804e7e67cb91dca27efc392d30a"}
}
